npm verbose cli C:\Program Files\nodejs\node.exe C:\Users\diann\AppData\Roaming\npm\node_modules\npm\bin\npm-cli.js
npm info using npm@10.8.2
npm info using node@v20.13.1
npm verbose title npm install
npm verbose argv "install" "--legacy-peer-deps" "--loglevel" "verbose"
npm verbose logfile logs-max:10 dir:C:\Users\diann\AppData\Local\npm-cache\_logs\2024-11-17T15_10_19_561Z-
npm verbose logfile C:\Users\diann\AppData\Local\npm-cache\_logs\2024-11-17T15_10_19_561Z-debug-0.log
npm http fetch GET 200 https://registry.npmjs.org/@faker-js%2ffaker 18ms (cache hit)
npm http fetch GET 200 https://registry.npmjs.org/cypress-mochawesome-reporter 944ms (cache revalidated)
npm http fetch GET 200 https://registry.npmjs.org/browserstack-cypress-cli 8ms (cache hit)
npm http fetch GET 200 https://registry.npmjs.org/cypress 10ms (cache hit)
npm http fetch GET 200 https://registry.npmjs.org/archiver 40ms (cache hit)
npm http fetch GET 200 https://registry.npmjs.org/browserstack-local 49ms (cache hit)
npm http fetch GET 200 https://registry.npmjs.org/async 54ms (cache hit)
npm http fetch GET 200 https://registry.npmjs.org/chalk 59ms (cache hit)
npm http fetch GET 200 https://registry.npmjs.org/fs-extra 63ms (cache hit)
npm http fetch GET 200 https://registry.npmjs.org/cli-progress 68ms (cache hit)
npm http fetch GET 200 https://registry.npmjs.org/getmac 71ms (cache hit)
npm http fetch GET 200 https://registry.npmjs.org/gitconfiglocal 79ms (cache hit)
npm http fetch GET 200 https://registry.npmjs.org/glob 74ms (cache hit)
npm http fetch GET 200 https://registry.npmjs.org/git-repo-info 97ms (cache hit)
npm http fetch GET 200 https://registry.npmjs.org/git-last-commit 103ms (cache hit)
npm http fetch GET 200 https://registry.npmjs.org/node-ipc 65ms (cache hit)
npm http fetch GET 200 https://registry.npmjs.org/mkdirp 86ms (cache hit)
npm http fetch GET 200 https://registry.npmjs.org/mocha 96ms (cache hit)
npm http fetch GET 200 https://registry.npmjs.org/request 100ms (cache hit)
npm http fetch GET 200 https://registry.npmjs.org/requestretry 101ms (cache hit)
npm http fetch GET 200 https://registry.npmjs.org/update-notifier 97ms (cache hit)
npm http fetch GET 200 https://registry.npmjs.org/table 103ms (cache hit)
npm http fetch GET 200 https://registry.npmjs.org/uuid 103ms (cache hit)
npm http fetch GET 200 https://registry.npmjs.org/winston 65ms (cache hit)
npm http fetch GET 200 https://registry.npmjs.org/windows-release 111ms (cache hit)
npm http fetch GET 200 https://registry.npmjs.org/decompress 47ms (cache hit)
npm http fetch GET 200 https://registry.npmjs.org/tmp 41ms (cache hit)
npm http fetch GET 200 https://registry.npmjs.org/unzipper 49ms (cache hit)
npm http fetch GET 200 https://registry.npmjs.org/yargs 64ms (cache hit)
npm http fetch GET 200 https://registry.npmjs.org/arch 57ms (cache hit)
npm http fetch GET 200 https://registry.npmjs.org/dayjs 56ms (cache hit)
npm http fetch GET 200 https://registry.npmjs.org/debug 63ms (cache hit)
npm http fetch GET 200 https://registry.npmjs.org/getos 62ms (cache hit)
npm http fetch GET 200 https://registry.npmjs.org/yauzl 62ms (cache hit)
npm http fetch GET 200 https://registry.npmjs.org/execa 73ms (cache hit)
npm http fetch GET 200 https://registry.npmjs.org/listr2 56ms (cache hit)
npm http fetch GET 200 https://registry.npmjs.org/buffer 71ms (cache hit)
npm http fetch GET 200 https://registry.npmjs.org/ospath 56ms (cache hit)
npm http fetch GET 200 https://registry.npmjs.org/lodash 63ms (cache hit)
npm http fetch GET 200 https://registry.npmjs.org/ci-info 44ms (cache hit)
npm http fetch GET 200 https://registry.npmjs.org/semver 52ms (cache hit)
npm http fetch GET 200 https://registry.npmjs.org/figures 50ms (cache hit)
npm http fetch GET 200 https://registry.npmjs.org/process 40ms (cache hit)
npm http fetch GET 200 https://registry.npmjs.org/bluebird 38ms (cache hit)
npm http fetch GET 200 https://registry.npmjs.org/cachedir 42ms (cache hit)
npm http fetch GET 200 https://registry.npmjs.org/enquirer 39ms (cache hit)
npm http fetch GET 200 https://registry.npmjs.org/lazy-ass 47ms (cache hit)
npm http fetch GET 200 https://registry.npmjs.org/minimist 46ms (cache hit)
npm http fetch GET 200 https://registry.npmjs.org/blob-util 42ms (cache hit)
npm http fetch GET 200 https://registry.npmjs.org/tree-kill 35ms (cache hit)
npm http fetch GET 200 https://registry.npmjs.org/commander 44ms (cache hit)
npm http fetch GET 200 https://registry.npmjs.org/untildify 45ms (cache hit)
npm http fetch GET 200 https://registry.npmjs.org/cli-cursor 43ms (cache hit)
npm http fetch GET 200 https://registry.npmjs.org/cli-table3 38ms (cache hit)
npm http fetch GET 200 https://registry.npmjs.org/executable 42ms (cache hit)
npm http fetch GET 200 https://registry.npmjs.org/extract-zip 38ms (cache hit)
npm http fetch GET 200 https://registry.npmjs.org/common-tags 42ms (cache hit)
npm http fetch GET 200 https://registry.npmjs.org/log-symbols 35ms (cache hit)
npm http fetch GET 200 https://registry.npmjs.org/pretty-bytes 35ms (cache hit)
npm http fetch GET 200 https://registry.npmjs.org/@cypress%2fxvfb 38ms (cache hit)
npm http fetch GET 200 https://registry.npmjs.org/@types%2fsizzle 34ms (cache hit)
npm http fetch GET 200 https://registry.npmjs.org/eventemitter2 30ms (cache hit)
npm http fetch GET 200 https://registry.npmjs.org/proxy-from-env 35ms (cache hit)
npm http fetch GET 200 https://registry.npmjs.org/supports-color 37ms (cache hit)
npm http fetch GET 200 https://registry.npmjs.org/@cypress%2frequest 40ms (cache hit)
npm http fetch GET 200 https://registry.npmjs.org/check-more-types 40ms (cache hit)
npm http fetch GET 200 https://registry.npmjs.org/request-progress 39ms (cache hit)
npm http fetch GET 200 https://registry.npmjs.org/@types%2fsinonjs__fake-timers 38ms (cache hit)
npm http fetch GET 200 https://registry.npmjs.org/is-installed-globally 42ms (cache hit)
npm http fetch GET 200 https://registry.npmjs.org/mochawesome-report-generator 291ms (cache revalidated)
npm http fetch GET 200 https://registry.npmjs.org/mochawesome-merge 301ms (cache revalidated)
npm http fetch GET 200 https://registry.npmjs.org/mochawesome 831ms (cache revalidated)
npm http fetch GET 200 https://registry.npmjs.org/buffer-crc32 23ms (cache hit)
npm http fetch GET 200 https://registry.npmjs.org/readable-stream 26ms (cache hit)
npm http fetch GET 200 https://registry.npmjs.org/archiver-utils 31ms (cache hit)
npm http fetch GET 200 https://registry.npmjs.org/readdir-glob 32ms (cache hit)
npm http fetch GET 200 https://registry.npmjs.org/zip-stream 34ms (cache hit)
npm http fetch GET 200 https://registry.npmjs.org/tar-stream 42ms (cache hit)
npm http fetch GET 200 https://registry.npmjs.org/https-proxy-agent 52ms (cache hit)
npm http fetch GET 200 https://registry.npmjs.org/ps-tree 45ms (cache hit)
npm http fetch GET 200 https://registry.npmjs.org/is-running 53ms (cache hit)
npm http fetch GET 200 https://registry.npmjs.org/agent-base 42ms (cache hit)
npm http fetch GET 200 https://registry.npmjs.org/string-width 33ms (cache hit)
npm http fetch GET 200 https://registry.npmjs.org/temp-fs 55ms (cache hit)
npm http fetch GET 200 https://registry.npmjs.org/ansi-styles 47ms (cache hit)
npm http fetch GET 200 https://registry.npmjs.org/decompress-tar 35ms (cache hit)
npm http fetch GET 200 https://registry.npmjs.org/decompress-tarbz2 30ms (cache hit)
npm http fetch GET 200 https://registry.npmjs.org/decompress-unzip 28ms (cache hit)
npm http fetch GET 200 https://registry.npmjs.org/decompress-targz 31ms (cache hit)
npm http fetch GET 200 https://registry.npmjs.org/graceful-fs 27ms (cache hit)
npm http fetch GET 200 https://registry.npmjs.org/make-dir 27ms (cache hit)
npm http fetch GET 200 https://registry.npmjs.org/pify 26ms (cache hit)
npm http fetch GET 200 https://registry.npmjs.org/strip-dirs 30ms (cache hit)
npm http fetch GET 200 https://registry.npmjs.org/jsonfile 30ms (cache hit)
npm http fetch GET 200 https://registry.npmjs.org/universalify 31ms (cache hit)
npm http fetch GET 200 https://registry.npmjs.org/graceful-fs 33ms (cache hit)
npm http fetch GET 200 https://registry.npmjs.org/ini 27ms (cache hit)
npm http fetch GET 200 https://registry.npmjs.org/@types%2fnode 48ms (cache hit)
npm http fetch GET 200 https://registry.npmjs.org/once 143ms (cache hit)
npm http fetch GET 200 https://registry.npmjs.org/inflight 139ms (cache hit)
npm http fetch GET 200 https://registry.npmjs.org/inherits 142ms (cache hit)
npm http fetch GET 200 https://registry.npmjs.org/fs.realpath 142ms (cache hit)
npm http fetch GET 200 https://registry.npmjs.org/minimatch 146ms (cache hit)
npm http fetch GET 200 https://registry.npmjs.org/path-is-absolute 148ms (cache hit)
npm http fetch GET 200 https://registry.npmjs.org/he 34ms (cache hit)
npm http fetch GET 200 https://registry.npmjs.org/ms 35ms (cache hit)
npm http fetch GET 200 https://registry.npmjs.org/diff 36ms (cache hit)
npm http fetch GET 200 https://registry.npmjs.org/js-yaml 33ms (cache hit)
npm http fetch GET 200 https://registry.npmjs.org/find-up 44ms (cache hit)
npm http fetch GET 200 https://registry.npmjs.org/workerpool 38ms (cache hit)
npm http fetch GET 200 https://registry.npmjs.org/chokidar 45ms (cache hit)
npm http fetch GET 200 https://registry.npmjs.org/yargs 63ms (cache hit)
npm http fetch GET 200 https://registry.npmjs.org/ansi-colors 60ms (cache hit)
npm http fetch GET 200 https://registry.npmjs.org/yargs-parser 59ms (cache hit)
npm http fetch GET 200 https://registry.npmjs.org/strip-json-comments 46ms (cache hit)
npm http fetch GET 200 https://registry.npmjs.org/yargs-unparser 54ms (cache hit)
npm http fetch GET 200 https://registry.npmjs.org/escape-string-regexp 47ms (cache hit)
npm http fetch GET 200 https://registry.npmjs.org/serialize-javascript 34ms (cache hit)
npm http fetch GET 200 https://registry.npmjs.org/browser-stdout 66ms (cache hit)
npm http fetch GET 200 https://registry.npmjs.org/js-queue 37ms (cache hit)
npm http fetch GET 200 https://registry.npmjs.org/js-message 33ms (cache hit)
npm http fetch GET 200 https://registry.npmjs.org/event-pubsub 30ms (cache hit)
npm http fetch GET 200 https://registry.npmjs.org/qs 30ms (cache hit)
npm http fetch GET 200 https://registry.npmjs.org/extend 29ms (cache hit)
npm http fetch GET 200 https://registry.npmjs.org/aws4 39ms (cache hit)
npm http fetch GET 200 https://registry.npmjs.org/caseless 38ms (cache hit)
npm http fetch GET 200 https://registry.npmjs.org/isstream 38ms (cache hit)
npm http fetch GET 200 https://registry.npmjs.org/aws-sign2 37ms (cache hit)
npm http fetch GET 200 https://registry.npmjs.org/mime-types 29ms (cache hit)
npm http fetch GET 200 https://registry.npmjs.org/oauth-sign 33ms (cache hit)
npm http fetch GET 200 https://registry.npmjs.org/safe-buffer 30ms (cache hit)
npm http fetch GET 200 https://registry.npmjs.org/tunnel-agent 25ms (cache hit)
npm http fetch GET 200 https://registry.npmjs.org/tough-cookie 30ms (cache hit)
npm http fetch GET 200 https://registry.npmjs.org/form-data 50ms (cache hit)
npm http fetch GET 200 https://registry.npmjs.org/forever-agent 34ms (cache hit)
npm http fetch GET 200 https://registry.npmjs.org/har-validator 34ms (cache hit)
npm http fetch GET 200 https://registry.npmjs.org/is-typedarray 35ms (cache hit)
npm http fetch GET 200 https://registry.npmjs.org/http-signature 35ms (cache hit)
npm http fetch GET 200 https://registry.npmjs.org/performance-now 34ms (cache hit)
npm http fetch GET 200 https://registry.npmjs.org/combined-stream 38ms (cache hit)
npm http fetch GET 200 https://registry.npmjs.org/json-stringify-safe 35ms (cache hit)
npm http fetch GET 200 https://registry.npmjs.org/ajv 33ms (cache hit)
npm http fetch GET 200 https://registry.npmjs.org/duplexer2 39ms (cache hit)
npm http fetch GET 200 https://registry.npmjs.org/slice-ansi 46ms (cache hit)
npm http fetch GET 200 https://registry.npmjs.org/pupa 38ms (cache hit)
npm http fetch GET 200 https://registry.npmjs.org/node-int64 43ms (cache hit)
npm http fetch GET 200 https://registry.npmjs.org/boxen 41ms (cache hit)
npm http fetch GET 200 https://registry.npmjs.org/is-npm 45ms (cache hit)
npm http fetch GET 200 https://registry.npmjs.org/is-in-ci 39ms (cache hit)
npm http fetch GET 200 https://registry.npmjs.org/import-lazy 41ms (cache hit)
npm http fetch GET 200 https://registry.npmjs.org/configstore 46ms (cache hit)
npm http fetch GET 200 https://registry.npmjs.org/xdg-basedir 47ms (cache hit)
npm http fetch GET 200 https://registry.npmjs.org/semver-diff 52ms (cache hit)
npm http fetch GET 200 https://registry.npmjs.org/latest-version 47ms (cache hit)
npm http fetch GET 200 https://registry.npmjs.org/eyes 46ms (cache hit)
npm http fetch GET 200 https://registry.npmjs.org/cycle 45ms (cache hit)
npm http fetch GET 200 https://registry.npmjs.org/colors 43ms (cache hit)
npm http fetch GET 200 https://registry.npmjs.org/stack-trace 44ms (cache hit)
npm http fetch GET 200 https://registry.npmjs.org/decamelize 36ms (cache hit)
npm http fetch GET 200 https://registry.npmjs.org/y18n 43ms (cache hit)
npm http fetch GET 200 https://registry.npmjs.org/cliui 43ms (cache hit)
npm http fetch GET 200 https://registry.npmjs.org/set-blocking 43ms (cache hit)
npm http fetch GET 200 https://registry.npmjs.org/which-module 40ms (cache hit)
npm http fetch GET 200 https://registry.npmjs.org/get-caller-file 26ms (cache hit)
npm http fetch GET 200 https://registry.npmjs.org/require-directory 24ms (cache hit)
npm http fetch GET 200 https://registry.npmjs.org/require-main-filename 22ms (cache hit)
npm http fetch GET 200 https://registry.npmjs.org/lodash.defaults 27ms (cache hit)
npm http fetch GET 200 https://registry.npmjs.org/lodash.flatten 31ms (cache hit)
npm http fetch GET 200 https://registry.npmjs.org/lodash.difference 34ms (cache hit)
npm http fetch GET 200 https://registry.npmjs.org/lodash.union 34ms (cache hit)
npm http fetch GET 200 https://registry.npmjs.org/normalize-path 37ms (cache hit)
npm http fetch GET 200 https://registry.npmjs.org/lazystream 47ms (cache hit)
npm http fetch GET 200 https://registry.npmjs.org/lodash.isplainobject 45ms (cache hit)
npm http fetch GET 200 https://registry.npmjs.org/string_decoder 30ms (cache hit)
npm http fetch GET 200 https://registry.npmjs.org/util-deprecate 30ms (cache hit)
npm http fetch GET 200 https://registry.npmjs.org/bl 29ms (cache hit)
npm http fetch GET 200 https://registry.npmjs.org/end-of-stream 30ms (cache hit)
npm http fetch GET 200 https://registry.npmjs.org/fs-constants 26ms (cache hit)
npm http fetch GET 200 https://registry.npmjs.org/compress-commons 24ms (cache hit)
npm http fetch GET 200 https://registry.npmjs.org/process-nextick-args 13ms (cache hit)
npm http fetch GET 200 https://registry.npmjs.org/core-util-is 16ms (cache hit)
npm http fetch GET 200 https://registry.npmjs.org/isarray 16ms (cache hit)
npm http fetch GET 200 https://registry.npmjs.org/event-stream 6ms (cache hit)
npm http fetch GET 200 https://registry.npmjs.org/rimraf 8ms (cache hit)
npm http fetch GET 200 https://registry.npmjs.org/has-flag 6ms (cache hit)
npm http fetch GET 200 https://registry.npmjs.org/color-convert 8ms (cache hit)
npm http fetch GET 200 https://registry.npmjs.org/color-name 4ms (cache hit)
npm http fetch GET 200 https://registry.npmjs.org/strip-ansi 18ms (cache hit)
npm http fetch GET 200 https://registry.npmjs.org/emoji-regex 19ms (cache hit)
npm http fetch GET 200 https://registry.npmjs.org/is-fullwidth-code-point 21ms (cache hit)
npm http fetch GET 200 https://registry.npmjs.org/base64-js 19ms (cache hit)
npm http fetch GET 200 https://registry.npmjs.org/@colors%2fcolors 20ms (cache hit)
npm http fetch GET 200 https://registry.npmjs.org/lodash.once 24ms (cache hit)
npm http fetch GET 200 https://registry.npmjs.org/ieee754 24ms (cache hit)
npm http fetch GET 200 https://registry.npmjs.org/onetime 23ms (cache hit)
npm http fetch GET 200 https://registry.npmjs.org/is-stream 23ms (cache hit)
npm http fetch GET 200 https://registry.npmjs.org/restore-cursor 28ms (cache hit)
npm http fetch GET 200 https://registry.npmjs.org/get-stream 25ms (cache hit)
npm http fetch GET 200 https://registry.npmjs.org/cross-spawn 28ms (cache hit)
npm http fetch GET 200 https://registry.npmjs.org/signal-exit 32ms (cache hit)
npm http fetch GET 200 https://registry.npmjs.org/merge-stream 34ms (cache hit)
npm http fetch GET 200 https://registry.npmjs.org/npm-run-path 33ms (cache hit)
npm http fetch GET 200 https://registry.npmjs.org/strip-final-newline 32ms (cache hit)
npm http fetch GET 200 https://registry.npmjs.org/human-signals 36ms (cache hit)
npm http fetch GET 200 https://registry.npmjs.org/@types%2fyauzl 32ms (cache hit)
npm http fetch GET 200 https://registry.npmjs.org/at-least-node 27ms (cache hit)
npm http fetch GET 200 https://registry.npmjs.org/rfdc 22ms (cache hit)
npm http fetch GET 200 https://registry.npmjs.org/global-dirs 30ms (cache hit)
npm http fetch GET 200 https://registry.npmjs.org/is-path-inside 28ms (cache hit)
npm http fetch GET 200 https://registry.npmjs.org/p-map 28ms (cache hit)
npm http fetch GET 200 https://registry.npmjs.org/rxjs 34ms (cache hit)
npm http fetch GET 200 https://registry.npmjs.org/through 40ms (cache hit)
npm http fetch GET 200 https://registry.npmjs.org/colorette 42ms (cache hit)
npm http fetch GET 200 https://registry.npmjs.org/wrap-ansi 44ms (cache hit)
npm http fetch GET 200 https://registry.npmjs.org/log-update 44ms (cache hit)
npm http fetch GET 200 https://registry.npmjs.org/cli-truncate 44ms (cache hit)
npm http fetch GET 200 https://registry.npmjs.org/throttleit 28ms (cache hit)
npm http fetch GET 200 https://registry.npmjs.org/is-unicode-supported 42ms (cache hit)
npm http fetch GET 200 https://registry.npmjs.org/fd-slicer 17ms (cache hit)
npm http fetch GET 200 https://registry.npmjs.org/delayed-stream 19ms (cache hit)
npm http fetch GET 200 https://registry.npmjs.org/mime-db 18ms (cache hit)
npm http fetch GET 200 https://registry.npmjs.org/sshpk 22ms (cache hit)
npm http fetch GET 200 https://registry.npmjs.org/jsprim 27ms (cache hit)
npm http fetch GET 200 https://registry.npmjs.org/assert-plus 29ms (cache hit)
npm http fetch GET 200 https://registry.npmjs.org/asynckit 31ms (cache hit)
npm http fetch GET 200 https://registry.npmjs.org/side-channel 25ms (cache hit)
npm http fetch GET 200 https://registry.npmjs.org/tldts 22ms (cache hit)
npm http fetch GET 200 https://registry.npmjs.org/yargs 20ms (cache hit)
npm http fetch GET 200 https://registry.npmjs.org/lodash.isfunction 218ms (cache revalidated)
npm http fetch GET 200 https://registry.npmjs.org/lodash.isempty 232ms (cache revalidated)
npm http fetch GET 200 https://registry.npmjs.org/lodash.isobject 232ms (cache revalidated)
npm http fetch GET 200 https://registry.npmjs.org/lodash.isstring 296ms (cache revalidated)
npm http fetch GET 200 https://registry.npmjs.org/prop-types 68ms (cache revalidated)
npm http fetch GET 200 https://registry.npmjs.org/dateformat 312ms (cache revalidated)
npm http fetch GET 200 https://registry.npmjs.org/yargs 9ms (cache hit)
npm http fetch GET 200 https://registry.npmjs.org/escape-html 331ms (cache revalidated)
npm http fetch GET 200 https://registry.npmjs.org/opener 157ms (cache revalidated)
npm http fetch GET 200 https://registry.npmjs.org/fsu 904ms (cache revalidated)
npm http fetch GET 200 https://registry.npmjs.org/tcomb 836ms (cache revalidated)
npm http fetch GET 200 https://registry.npmjs.org/tcomb-validation 774ms (cache revalidated)
npm http fetch GET 200 https://registry.npmjs.org/validator 859ms (cache revalidated)
npm http fetch GET 200 https://registry.npmjs.org/unbzip2-stream 44ms (cache hit)
npm http fetch GET 200 https://registry.npmjs.org/file-type 50ms (cache hit)
npm http fetch GET 200 https://registry.npmjs.org/file-type 60ms (cache hit)
npm http fetch GET 200 https://registry.npmjs.org/file-type 60ms (cache hit)
npm http fetch GET 200 https://registry.npmjs.org/seek-bzip 73ms (cache hit)
npm http fetch GET 200 https://registry.npmjs.org/is-natural-number 66ms (cache hit)
npm http fetch GET 200 https://registry.npmjs.org/file-type 71ms (cache hit)
npm http fetch GET 200 https://registry.npmjs.org/to-buffer 10ms (cache hit)
npm http fetch GET 200 https://registry.npmjs.org/xtend 10ms (cache hit)
npm http fetch GET 200 https://registry.npmjs.org/buffer-alloc 13ms (cache hit)
npm http fetch GET 200 https://registry.npmjs.org/object-assign 8ms (cache hit)
npm http fetch GET 200 https://registry.npmjs.org/pinkie-promise 8ms (cache hit)
npm http fetch GET 200 https://registry.npmjs.org/ansi-regex 4ms (cache hit)
npm http fetch GET 200 https://registry.npmjs.org/mimic-fn 17ms (cache hit)
npm http fetch GET 200 https://registry.npmjs.org/shebang-command 20ms (cache hit)
npm http fetch GET 200 https://registry.npmjs.org/path-key 21ms (cache hit)
npm http fetch GET 200 https://registry.npmjs.org/which 21ms (cache hit)
npm http fetch GET 200 https://registry.npmjs.org/pump 22ms (cache hit)
npm http fetch GET 200 https://registry.npmjs.org/path-key 23ms (cache hit)
npm http fetch GET 200 https://registry.npmjs.org/isexe 9ms (cache hit)
npm http fetch GET 200 https://registry.npmjs.org/shebang-regex 11ms (cache hit)
npm http fetch GET 200 https://registry.npmjs.org/@types%2fnode 21ms (cache hit)
npm http fetch GET 200 https://registry.npmjs.org/undici-types 5ms (cache hit)
npm http fetch GET 200 https://registry.npmjs.org/pinkie 4ms (cache hit)
npm http fetch GET 200 https://registry.npmjs.org/wrappy 8ms (cache hit)
npm http fetch GET 200 https://registry.npmjs.org/brace-expansion 8ms (cache hit)
npm http fetch GET 200 https://registry.npmjs.org/wrappy 9ms (cache hit)
npm http fetch GET 200 https://registry.npmjs.org/verror 30ms (cache hit)
npm http fetch GET 200 https://registry.npmjs.org/extsprintf 34ms (cache hit)
npm http fetch GET 200 https://registry.npmjs.org/json-schema 34ms (cache hit)
npm http fetch GET 200 https://registry.npmjs.org/dashdash 33ms (cache hit)
npm http fetch GET 200 https://registry.npmjs.org/getpass 35ms (cache hit)
npm http fetch GET 200 https://registry.npmjs.org/asn1 39ms (cache hit)
npm http fetch GET 200 https://registry.npmjs.org/safer-buffer 39ms (cache hit)
npm http fetch GET 200 https://registry.npmjs.org/jsbn 38ms (cache hit)
npm http fetch GET 200 https://registry.npmjs.org/tweetnacl 38ms (cache hit)
npm http fetch GET 200 https://registry.npmjs.org/bcrypt-pbkdf 40ms (cache hit)
npm http fetch GET 200 https://registry.npmjs.org/ecc-jsbn 43ms (cache hit)
npm http fetch GET 200 https://registry.npmjs.org/aggregate-error 13ms (cache hit)
npm http fetch GET 200 https://registry.npmjs.org/ansi-escapes 14ms (cache hit)
npm http fetch GET 200 https://registry.npmjs.org/tslib 14ms (cache hit)
npm http fetch GET 200 https://registry.npmjs.org/astral-regex 4ms (cache hit)
npm http fetch GET 200 https://registry.npmjs.org/type-fest 6ms (cache hit)
npm http fetch GET 200 https://registry.npmjs.org/balanced-match 8ms (cache hit)
npm http fetch GET 200 https://registry.npmjs.org/concat-map 8ms (cache hit)
npm http fetch GET 200 https://registry.npmjs.org/is-glob 28ms (cache hit)
npm http fetch GET 200 https://registry.npmjs.org/is-binary-path 31ms (cache hit)
npm http fetch GET 200 https://registry.npmjs.org/braces 37ms (cache hit)
npm http fetch GET 200 https://registry.npmjs.org/anymatch 41ms (cache hit)
npm http fetch GET 200 https://registry.npmjs.org/readdirp 43ms (cache hit)
npm http fetch GET 200 https://registry.npmjs.org/glob-parent 45ms (cache hit)
npm http fetch GET 200 https://registry.npmjs.org/fsevents 47ms (cache hit)
npm http fetch GET 200 https://registry.npmjs.org/path-exists 36ms (cache hit)
npm http fetch GET 200 https://registry.npmjs.org/locate-path 45ms (cache hit)
npm http fetch GET 200 https://registry.npmjs.org/argparse 36ms (cache hit)
npm http fetch GET 200 https://registry.npmjs.org/flat 23ms (cache hit)
npm http fetch GET 200 https://registry.npmjs.org/escalade 34ms (cache hit)
npm http fetch GET 200 https://registry.npmjs.org/camelcase 33ms (cache hit)
npm http fetch GET 200 https://registry.npmjs.org/randombytes 41ms (cache hit)
npm http fetch GET 200 https://registry.npmjs.org/is-plain-obj 15ms (cache hit)
npm http fetch GET 200 https://registry.npmjs.org/is-extglob 15ms (cache hit)
npm http fetch GET 200 https://registry.npmjs.org/fill-range 18ms (cache hit)
npm http fetch GET 200 https://registry.npmjs.org/picomatch 20ms (cache hit)
npm http fetch GET 200 https://registry.npmjs.org/binary-extensions 21ms (cache hit)
npm http fetch GET 200 https://registry.npmjs.org/picomatch 22ms (cache hit)
npm http fetch GET 200 https://registry.npmjs.org/to-regex-range 3ms (cache hit)
npm http fetch GET 200 https://registry.npmjs.org/is-number 3ms (cache hit)
npm http fetch GET 200 https://registry.npmjs.org/p-locate 5ms (cache hit)
npm http fetch GET 200 https://registry.npmjs.org/p-limit 6ms (cache hit)
npm http fetch GET 200 https://registry.npmjs.org/loose-envify 100ms (cache revalidated)
npm http fetch GET 200 https://registry.npmjs.org/react-is 679ms (cache updated)
npm http fetch GET 200 https://registry.npmjs.org/easy-stack 11ms (cache hit)
npm http fetch GET 200 https://registry.npmjs.org/yocto-queue 5ms (cache hit)
npm http fetch GET 200 https://registry.npmjs.org/clean-stack 6ms (cache hit)
npm http fetch GET 200 https://registry.npmjs.org/indent-string 11ms (cache hit)
npm http fetch GET 200 https://registry.npmjs.org/js-tokens 76ms (cache revalidated)
npm http fetch GET 200 https://registry.npmjs.org/duplexer 20ms (cache hit)
npm http fetch GET 200 https://registry.npmjs.org/pause-stream 20ms (cache hit)
npm http fetch GET 200 https://registry.npmjs.org/split 22ms (cache hit)
npm http fetch GET 200 https://registry.npmjs.org/stream-combiner 22ms (cache hit)
npm http fetch GET 200 https://registry.npmjs.org/map-stream 25ms (cache hit)
npm http fetch GET 200 https://registry.npmjs.org/from 27ms (cache hit)
npm http fetch GET 200 https://registry.npmjs.org/call-bind 15ms (cache hit)
npm http fetch GET 200 https://registry.npmjs.org/object-inspect 15ms (cache hit)
npm http fetch GET 200 https://registry.npmjs.org/get-intrinsic 16ms (cache hit)
npm http fetch GET 200 https://registry.npmjs.org/es-errors 18ms (cache hit)
npm http fetch GET 200 https://registry.npmjs.org/har-schema 12ms (cache hit)
npm http fetch GET 200 https://registry.npmjs.org/ajv 16ms (cache hit)
npm http fetch GET 200 https://registry.npmjs.org/psl 25ms (cache hit)
npm http fetch GET 200 https://registry.npmjs.org/punycode 28ms (cache hit)
npm http fetch GET 200 https://registry.npmjs.org/fast-deep-equal 24ms (cache hit)
npm http fetch GET 200 https://registry.npmjs.org/fast-json-stable-stringify 25ms (cache hit)
npm http fetch GET 200 https://registry.npmjs.org/json-schema-traverse 26ms (cache hit)
npm http fetch GET 200 https://registry.npmjs.org/uri-js 28ms (cache hit)
npm http fetch GET 200 https://registry.npmjs.org/es-define-property 25ms (cache hit)
npm http fetch GET 200 https://registry.npmjs.org/has-proto 22ms (cache hit)
npm http fetch GET 200 https://registry.npmjs.org/function-bind 30ms (cache hit)
npm http fetch GET 200 https://registry.npmjs.org/function-bind 29ms (cache hit)
npm http fetch GET 200 https://registry.npmjs.org/hasown 27ms (cache hit)
npm http fetch GET 200 https://registry.npmjs.org/has-symbols 29ms (cache hit)
npm http fetch GET 200 https://registry.npmjs.org/set-function-length 32ms (cache hit)
npm http fetch GET 200 https://registry.npmjs.org/define-data-property 7ms (cache hit)
npm http fetch GET 200 https://registry.npmjs.org/gopd 8ms (cache hit)
npm http fetch GET 200 https://registry.npmjs.org/has-property-descriptors 7ms (cache hit)
npm http fetch GET 200 https://registry.npmjs.org/tldts-core 11ms (cache hit)
npm http fetch GET 200 https://registry.npmjs.org/cli-boxes 38ms (cache hit)
npm http fetch GET 200 https://registry.npmjs.org/unique-string 35ms (cache hit)
npm http fetch GET 200 https://registry.npmjs.org/ansi-align 42ms (cache hit)
npm http fetch GET 200 https://registry.npmjs.org/dot-prop 41ms (cache hit)
npm http fetch GET 200 https://registry.npmjs.org/write-file-atomic 41ms (cache hit)
npm http fetch GET 200 https://registry.npmjs.org/widest-line 48ms (cache hit)
npm http fetch GET 200 https://registry.npmjs.org/package-json 44ms (cache hit)
npm http fetch GET 200 https://registry.npmjs.org/escape-goat 16ms (cache hit)
npm http fetch GET 200 https://registry.npmjs.org/eastasianwidth 6ms (cache hit)
npm http fetch GET 200 https://registry.npmjs.org/is-obj 11ms (cache hit)
npm http fetch GET 200 https://registry.npmjs.org/imurmurhash 15ms (cache hit)
npm http fetch GET 200 https://registry.npmjs.org/typedarray-to-buffer 14ms (cache hit)
npm http fetch GET 200 https://registry.npmjs.org/crypto-random-string 16ms (cache hit)
npm http fetch GET 200 https://registry.npmjs.org/registry-auth-token 7ms (cache hit)
npm http fetch GET 200 https://registry.npmjs.org/got 10ms (cache hit)
npm http fetch GET 200 https://registry.npmjs.org/registry-url 17ms (cache hit)
npm http fetch GET 200 https://registry.npmjs.org/responselike 27ms (cache hit)
npm http fetch GET 200 https://registry.npmjs.org/http2-wrapper 28ms (cache hit)
npm http fetch GET 200 https://registry.npmjs.org/p-cancelable 33ms (cache hit)
npm http fetch GET 200 https://registry.npmjs.org/lowercase-keys 33ms (cache hit)
npm http fetch GET 200 https://registry.npmjs.org/@sindresorhus%2fis 33ms (cache hit)
npm http fetch GET 200 https://registry.npmjs.org/cacheable-lookup 36ms (cache hit)
npm http fetch GET 200 https://registry.npmjs.org/cacheable-request 36ms (cache hit)
npm http fetch GET 200 https://registry.npmjs.org/@szmarczak%2fhttp-timer 27ms (cache hit)
npm http fetch GET 200 https://registry.npmjs.org/form-data-encoder 33ms (cache hit)
npm http fetch GET 200 https://registry.npmjs.org/decompress-response 32ms (cache hit)
npm http fetch GET 200 https://registry.npmjs.org/@pnpm%2fnpm-conf 30ms (cache hit)
npm http fetch GET 200 https://registry.npmjs.org/rc 29ms (cache hit)
npm http fetch GET 200 https://registry.npmjs.org/defer-to-connect 65ms (cache hit)
npm http fetch GET 200 https://registry.npmjs.org/normalize-url 72ms (cache hit)
npm http fetch GET 200 https://registry.npmjs.org/mimic-response 71ms (cache hit)
npm http fetch GET 200 https://registry.npmjs.org/http-cache-semantics 71ms (cache hit)
npm http fetch GET 200 https://registry.npmjs.org/@types%2fhttp-cache-semantics 71ms (cache hit)
npm http fetch GET 200 https://registry.npmjs.org/mimic-response 71ms (cache hit)
npm http fetch GET 200 https://registry.npmjs.org/keyv 79ms (cache hit)
npm http fetch GET 200 https://registry.npmjs.org/quick-lru 19ms (cache hit)
npm http fetch GET 200 https://registry.npmjs.org/resolve-alpn 12ms (cache hit)
npm http fetch GET 200 https://registry.npmjs.org/json-buffer 4ms (cache hit)
npm http fetch GET 200 https://registry.npmjs.org/@pnpm%2fnetwork.ca-file 9ms (cache hit)
npm http fetch GET 200 https://registry.npmjs.org/@pnpm%2fconfig.env-replace 10ms (cache hit)
npm http fetch GET 200 https://registry.npmjs.org/config-chain 9ms (cache hit)
npm http fetch GET 200 https://registry.npmjs.org/proto-list 5ms (cache hit)
npm http fetch GET 200 https://registry.npmjs.org/deep-extend 5ms (cache hit)
npm http fetch GET 200 https://registry.npmjs.org/pend 6ms (cache hit)
npm http fetch GET 200 https://registry.npmjs.org/crc32-stream 5ms (cache hit)
npm http fetch GET 200 https://registry.npmjs.org/crc-32 5ms (cache hit)
npm http fetch GET 200 https://registry.npmjs.org/buffer-fill 6ms (cache hit)
npm http fetch GET 200 https://registry.npmjs.org/buffer-alloc-unsafe 8ms (cache hit)
npm http fetch GET 200 https://registry.npmjs.org/p-try 5ms (cache hit)
npm verbose reify failed optional dependency C:\Users\diann\Documents\pos\automacao-web-pgats\tmpBstackPackages\node_modules\fsevents
npm http fetch POST 200 https://registry.npmjs.org/-/npm/v1/security/advisories/bulk 1161ms
npm warn deprecated inflight@1.0.6: This module is not supported, and leaks memory. Do not use it. Check out lru-cache if you want a good and tested way to coalesce async requests by a key value, which is much more comprehensive and powerful.
npm warn deprecated rimraf@2.5.4: Rimraf versions prior to v4 are no longer supported
npm http fetch GET 200 https://registry.npmjs.org/request 595ms (cache hit)
npm http fetch GET 200 https://registry.npmjs.org/tough-cookie 599ms (cache hit)
npm warn deprecated har-validator@5.1.5: this library is no longer supported
npm warn deprecated glob@7.2.3: Glob versions prior to v9 are no longer supported
npm warn deprecated glob@8.1.0: Glob versions prior to v9 are no longer supported
npm http fetch GET 200 https://registry.npmjs.org/browserstack-cypress-cli 223ms (cache hit)
npm warn deprecated uuid@3.4.0: Please upgrade  to version 7 or higher.  Older versions may use Math.random() in certain circumstances, which is known to be problematic.  See https://v8.dev/blog/math-random for details.
npm warn deprecated request@2.88.2: request has been deprecated, see https://github.com/request/request/issues/3142
npm info run cypress@13.15.2 postinstall node_modules/cypress node index.js --exec install
npm info run cypress@13.15.2 postinstall { code: 0, signal: null }

added 508 packages, and audited 509 packages in 37s

96 packages are looking for funding
  run `npm fund` for details

3 moderate severity vulnerabilities

To address all issues (including breaking changes), run:
  npm audit fix --force

Run `npm audit` for details.
npm verbose cwd C:\Users\diann\Documents\pos\automacao-web-pgats\tmpBstackPackages
npm verbose os Windows_NT 10.0.22631
npm verbose node v20.13.1
npm verbose npm  v10.8.2
npm verbose exit 0
npm info ok
